Drill report for attenuverters_back.kicad_pcb
Created on Sat Jan 29 19:42:55 2022

Copper Layer Stackup:
    =============================================================
    L1 :  F.Cu                      front
    L2 :  B.Cu                      back


Drill file 'attenuverters_back.drl' contains
    plated through holes:
    =============================================================
    T1  0.700mm  0.0276"  (3 holes)
    T2  0.800mm  0.0315"  (85 holes)
    T3  1.000mm  0.0394"  (16 holes)
    T4  1.016mm  0.0400"  (10 holes)
    T5  1.100mm  0.0433"  (4 holes)

    Total plated holes count 118


Not plated through holes are merged with plated holes
    unplated through holes:
    =============================================================
    T6  3.200mm  0.1260"  (2 holes)

    Total unplated holes count 2
